0 info it worked if it ends with ok
1 verbose cli [ '/usr/local/Cellar/node/5.5.0/bin/node',
1 verbose cli   '/usr/local/bin/npm',
1 verbose cli   'run',
1 verbose cli   'test' ]
2 info using npm@3.5.3
3 info using node@v5.5.0
4 verbose run-script [ 'pretest', 'test', 'posttest' ]
5 info lifecycle kit-core@0.0.1~pretest: kit-core@0.0.1
6 silly lifecycle kit-core@0.0.1~pretest: no script for pretest, continuing
7 info lifecycle kit-core@0.0.1~test: kit-core@0.0.1
8 verbose lifecycle kit-core@0.0.1~test: unsafe-perm in lifecycle true
9 verbose lifecycle kit-core@0.0.1~test: PATH: /usr/local/lib/node_modules/npm/bin/node-gyp-bin:/Users/mikk/dev/kit/kit-core/node_modules/.bin:/usr/local/lib/node_modules/npm/bin/node-gyp-bin:/Users/mikk/dev/kit/kit-core/node_modules/.bin:/Users/mikk/Library/Haskell/bin:/Users/mikk/.rbenv/shims:/Users/mikk/Library/Haskell/bin:/usr/local/Cellar/python/2.7.4/Frameworks/Python.framework/Versions/2.7/bin:/usr/local/bin:/Users/mikk/.rbenv/shims:/Users/mikk/.rbenv/bin:/Users/mikk/.rbenv/versions/2.1.2/bin:/usr/local/bin:/usr/bin:/Users/mikk/bin:/usr/local/lib/node_modules:/usr/bin:/bin:/usr/sbin:/sbin:/usr/local/opt/go/libexec/bin:/Users/mikk/dev/go/bin
10 verbose lifecycle kit-core@0.0.1~test: CWD: /Users/mikk/dev/kit/kit-core
11 silly lifecycle kit-core@0.0.1~test: Args: [ '-c', 'node ./test/test.js' ]
12 silly lifecycle kit-core@0.0.1~test: Returned: code: 1  signal: null
13 info lifecycle kit-core@0.0.1~test: Failed to exec test script
14 verbose stack Error: kit-core@0.0.1 test: `node ./test/test.js`
14 verbose stack Exit status 1
14 verbose stack     at EventEmitter.<anonymous> (/usr/local/lib/node_modules/npm/lib/utils/lifecycle.js:232:16)
14 verbose stack     at emitTwo (events.js:100:13)
14 verbose stack     at EventEmitter.emit (events.js:185:7)
14 verbose stack     at ChildProcess.<anonymous> (/usr/local/lib/node_modules/npm/lib/utils/spawn.js:24:14)
14 verbose stack     at emitTwo (events.js:100:13)
14 verbose stack     at ChildProcess.emit (events.js:185:7)
14 verbose stack     at maybeClose (internal/child_process.js:821:16)
14 verbose stack     at Process.ChildProcess._handle.onexit (internal/child_process.js:211:5)
15 verbose pkgid kit-core@0.0.1
16 verbose cwd /Users/mikk/dev/kit/kit-core
17 error Darwin 15.3.0
18 error argv "/usr/local/Cellar/node/5.5.0/bin/node" "/usr/local/bin/npm" "run" "test"
19 error node v5.5.0
20 error npm  v3.5.3
21 error code ELIFECYCLE
22 error kit-core@0.0.1 test: `node ./test/test.js`
22 error Exit status 1
23 error Failed at the kit-core@0.0.1 test script 'node ./test/test.js'.
23 error Make sure you have the latest version of node.js and npm installed.
23 error If you do, this is most likely a problem with the kit-core package,
23 error not with npm itself.
23 error Tell the author that this fails on your system:
23 error     node ./test/test.js
23 error You can get information on how to open an issue for this project with:
23 error     npm bugs kit-core
23 error Or if that isn't available, you can get their info via:
23 error     npm owner ls kit-core
23 error There is likely additional logging output above.
24 verbose exit [ 1, true ]
